[04:00:01][INFO][noppes.npcs.controllers.ScriptController:60] Sat May 24 04:00:01 UTC 2025
[04:00:01][INFO][noppes.npcs.CustomNpcs:122] Script Engines Available:
[04:00:07][INFO][noppes.npcs.CustomNpcs:201] Loading PlayerData...
[04:00:07][INFO][noppes.npcs.CustomNpcs:201] Generating PlayerData map file...
[04:00:07][INFO][noppes.npcs.CustomNpcs:201] Done loading PlayerData
[04:00:07][INFO][noppes.npcs.controllers.LinkedNpcController:28] Loading Linked Npcs
[04:00:07][INFO][noppes.npcs.controllers.LinkedNpcController:28] Done loading Linked Npcs
[04:00:07][INFO][noppes.npcs.controllers.AnimationController:31] Loading animations...
[04:00:07][INFO][noppes.npcs.controllers.AnimationController:31] Done loading animations.
[04:00:09][INFO][noppes.npcs.CustomNpcs:236] Loading Dialogs
[04:00:09][INFO][noppes.npcs.CustomNpcs:236] Done loading Dialogs
[05:14:36][SEVERE][noppes.npcs.controllers.LinkedNpcController:196] java.io.FileNotFoundException: ./world/customnpcs/linkednpcs/function killed(event) {    var killer = event.source.getEntity();        if (killer != null && killer.getType() == 1) {        / Otorga 1000 de TP usando comando de Dragon Block C        killer.executeCommand("/jrmctp add " + killer.getName() + " 1000");    }}.json_new (No such file or directory)
	at java.io.FileOutputStream.open0(Native Method)
	at java.io.FileOutputStream.open(FileOutputStream.java:270)
	at java.io.FileOutputStream.<init>(FileOutputStream.java:213)
	at java.io.FileOutputStream.<init>(FileOutputStream.java:162)
	at noppes.npcs.util.NBTJsonUtil.SaveFile(NBTJsonUtil.java:314)
	at noppes.npcs.controllers.LinkedNpcController.saveNpc(LinkedNpcController.java:79)
	at noppes.npcs.controllers.LinkedNpcController.save(LinkedNpcController.java:68)
	at noppes.npcs.controllers.LinkedNpcController.addData(LinkedNpcController.java:196)
	at noppes.npcs.PacketHandlerServer.wandPackets(PacketHandlerServer.java:668)
	at noppes.npcs.PacketHandlerServer.onServerPacket(PacketHandlerServer.java:285)
	at cpw.mods.fml.common.eventhandler.ASMEventHandler_6_PacketHandlerServer_onServerPacket_ServerCustomPacketEvent.invoke(.dynamic)
	at cpw.mods.fml.common.eventhandler.ASMEventHandler.invoke(ASMEventHandler.java:54)
	at cpw.mods.fml.common.eventhandler.EventBus.post(EventBus.java:140)
	at cpw.mods.fml.common.network.FMLEventChannel.fireRead(FMLEventChannel.java:103)
	at cpw.mods.fml.common.network.NetworkEventFiringHandler.channelRead0(NetworkEventFiringHandler.java:30)
	at cpw.mods.fml.common.network.NetworkEventFiringHandler.channelRead0(NetworkEventFiringHandler.java:18)
	at io.netty.channel.SimpleChannelInboundHandler.channelRead(SimpleChannelInboundHandler.java:98)
	at io.netty.channel.DefaultChannelHandlerContext.invokeChannelRead(DefaultChannelHandlerContext.java:337)
	at io.netty.channel.DefaultChannelHandlerContext.fireChannelRead(DefaultChannelHandlerContext.java:323)
	at io.netty.channel.DefaultChannelPipeline.fireChannelRead(DefaultChannelPipeline.java:785)
	at io.netty.channel.embedded.EmbeddedChannel.writeInbound(EmbeddedChannel.java:169)
	at cpw.mods.fml.common.network.internal.FMLProxyPacket.func_148833_a(FMLProxyPacket.java:77)
	at net.minecraft.network.NetworkManager.func_74428_b(NetworkManager.java:212)
	at net.minecraft.network.NetworkSystem.func_151269_c(NetworkSystem.java:165)
	at net.minecraft.server.MinecraftServer.func_71190_q(MinecraftServer.java:659)
	at net.minecraft.server.dedicated.DedicatedServer.func_71190_q(DedicatedServer.java:334)
	at net.minecraft.server.MinecraftServer.func_71217_p(MinecraftServer.java:547)
	at net.minecraft.server.MinecraftServer.run(MinecraftServer.java:427)
	at net.minecraft.server.MinecraftServer$2.run(MinecraftServer.java:685)
